# JRE version: OpenJDK Runtime Environment (8.0_112-b06) (build 1.8.0_112-release-b06)
# Java VM: OpenJDK 64-Bit Server VM (25.112-b06 mixed mode linux-amd64 compressed oops)
Heap:
 PSYoungGen      total 220160K, used 19952K [0x00000000e0000000, 0x00000000eeb00000, 0x0000000100000000)
  eden space 200192K, 0% used [0x00000000e0000000,0x00000000e0000000,0x00000000ec380000)
  from space 19968K, 99% used [0x00000000ec380000,0x00000000ed6fc120,0x00000000ed700000)
  to   space 14336K, 0% used [0x00000000ed700000,0x00000000ed700000,0x00000000ee500000)
 ParOldGen       total 92160K, used 25426K [0x00000000a0000000, 0x00000000a5a00000, 0x00000000e0000000)
  object space 92160K, 27% used [0x00000000a0000000,0x00000000a18d4a18,0x00000000a5a00000)
 Metaspace       used 57197K, capacity 59076K, committed 59160K, reserved 1099776K
  class space    used 7639K, capacity 8053K, committed 8112K, reserved 1048576K
GC Heap History (10 events):
Event: 2.949 GC heap after
Heap after GC invocations=6 (full 1):
 PSYoungGen      total 132096K, used 5108K [0x00000000e0000000, 0x00000000e9d80000, 0x0000000100000000)
  eden space 126976K, 0% used [0x00000000e0000000,0x00000000e0000000,0x00000000e7c00000)
  from space 5120K, 99% used [0x00000000e7c00000,0x00000000e80fd020,0x00000000e8100000)
  to   space 12800K, 0% used [0x00000000e9100000,0x00000000e9100000,0x00000000e9d80000)
 ParOldGen       total 67584K, used 19175K [0x00000000a0000000, 0x00000000a4200000, 0x00000000e0000000)
  object space 67584K, 28% used [0x00000000a0000000,0x00000000a12b9c90,0x00000000a4200000)
 Metaspace       used 33424K, capacity 34102K, committed 34480K, reserved 1079296K
  class space    used 4495K, capacity 4697K, committed 4784K, reserved 1048576K
}
Event: 3.265 GC heap before
{Heap before GC invocations=7 (full 1):
 PSYoungGen      total 132096K, used 45940K [0x00000000e0000000, 0x00000000e9d80000, 0x0000000100000000)
  eden space 126976K, 32% used [0x00000000e0000000,0x00000000e27e02c8,0x00000000e7c00000)
  from space 5120K, 99% used [0x00000000e7c00000,0x00000000e80fd020,0x00000000e8100000)
  to   space 12800K, 0% used [0x00000000e9100000,0x00000000e9100000,0x00000000e9d80000)
 ParOldGen       total 67584K, used 19175K [0x00000000a0000000, 0x00000000a4200000, 0x00000000e0000000)
  object space 67584K, 28% used [0x00000000a0000000,0x00000000a12b9c90,0x00000000a4200000)
 Metaspace       used 34662K, capacity 35330K, committed 35496K, reserved 1079296K
  class space    used 4652K, capacity 4827K, committed 4912K, reserved 1048576K
Event: 3.289 GC heap after
Heap after GC invocations=7 (full 1):
 PSYoungGen      total 148992K, used 7474K [0x00000000e0000000, 0x00000000ed500000, 0x0000000100000000)
  eden space 136192K, 0% used [0x00000000e0000000,0x00000000e0000000,0x00000000e8500000)
  from space 12800K, 58% used [0x00000000e9100000,0x00000000e984c828,0x00000000e9d80000)
  to   space 12288K, 0% used [0x00000000e8500000,0x00000000e8500000,0x00000000e9100000)
 ParOldGen       total 67584K, used 19183K [0x00000000a0000000, 0x00000000a4200000, 0x00000000e0000000)
  object space 67584K, 28% used [0x00000000a0000000,0x00000000a12bbc90,0x00000000a4200000)
 Metaspace       used 34662K, capacity 35330K, committed 35496K, reserved 1079296K
  class space    used 4652K, capacity 4827K, committed 4912K, reserved 1048576K
}
Event: 3.289 GC heap before
{Heap before GC invocations=8 (full 2):
 PSYoungGen      total 148992K, used 7474K [0x00000000e0000000, 0x00000000ed500000, 0x0000000100000000)
  eden space 136192K, 0% used [0x00000000e0000000,0x00000000e0000000,0x00000000e8500000)
  from space 12800K, 58% used [0x00000000e9100000,0x00000000e984c828,0x00000000e9d80000)
  to   space 12288K, 0% used [0x00000000e8500000,0x00000000e8500000,0x00000000e9100000)
 ParOldGen       total 67584K, used 19183K [0x00000000a0000000, 0x00000000a4200000, 0x00000000e0000000)
  object space 67584K, 28% used [0x00000000a0000000,0x00000000a12bbc90,0x00000000a4200000)
 Metaspace       used 34662K, capacity 35330K, committed 35496K, reserved 1079296K
  class space    used 4652K, capacity 4827K, committed 4912K, reserved 1048576K
Event: 3.343 GC heap after
Heap after GC invocations=8 (full 2):
 PSYoungGen      total 148992K, used 0K [0x00000000e0000000, 0x00000000ed500000, 0x0000000100000000)
  eden space 136192K, 0% used [0x00000000e0000000,0x00000000e0000000,0x00000000e8500000)
  from space 12800K, 0% used [0x00000000e9100000,0x00000000e9100000,0x00000000e9d80000)
  to   space 12288K, 0% used [0x00000000e8500000,0x00000000e8500000,0x00000000e9100000)
 ParOldGen       total 92160K, used 14686K [0x00000000a0000000, 0x00000000a5a00000, 0x00000000e0000000)
  object space 92160K, 15% used [0x00000000a0000000,0x00000000a0e579c8,0x00000000a5a00000)
 Metaspace       used 34662K, capacity 35330K, committed 35496K, reserved 1079296K
  class space    used 4652K, capacity 4827K, committed 4912K, reserved 1048576K
}
Event: 4.453 GC heap before
{Heap before GC invocations=9 (full 2):
 PSYoungGen      total 148992K, used 136192K [0x00000000e0000000, 0x00000000ed500000, 0x0000000100000000)
  eden space 136192K, 100% used [0x00000000e0000000,0x00000000e8500000,0x00000000e8500000)
  from space 12800K, 0% used [0x00000000e9100000,0x00000000e9100000,0x00000000e9d80000)
  to   space 12288K, 0% used [0x00000000e8500000,0x00000000e8500000,0x00000000e9100000)
 ParOldGen       total 92160K, used 14686K [0x00000000a0000000, 0x00000000a5a00000, 0x00000000e0000000)
  object space 92160K, 15% used [0x00000000a0000000,0x00000000a0e579c8,0x00000000a5a00000)
 Metaspace       used 43699K, capacity 44702K, committed 44848K, reserved 1087488K
  class space    used 5844K, capacity 6068K, committed 6192K, reserved 1048576K
Event: 4.470 GC heap after
Heap after GC invocations=9 (full 2):
 PSYoungGen      total 148480K, used 12274K [0x00000000e0000000, 0x00000000ee500000, 0x0000000100000000)
  eden space 136192K, 0% used [0x00000000e0000000,0x00000000e0000000,0x00000000e8500000)
  from space 12288K, 99% used [0x00000000e8500000,0x00000000e90fc960,0x00000000e9100000)
  to   space 14336K, 0% used [0x00000000ed700000,0x00000000ed700000,0x00000000ee500000)
 ParOldGen       total 92160K, used 15394K [0x00000000a0000000, 0x00000000a5a00000, 0x00000000e0000000)
  object space 92160K, 16% used [0x00000000a0000000,0x00000000a0f089c8,0x00000000a5a00000)
 Metaspace       used 43699K, capacity 44702K, committed 44848K, reserved 1087488K
  class space    used 5844K, capacity 6068K, committed 6192K, reserved 1048576K
}
Event: 5.892 GC heap before
{Heap before GC invocations=10 (full 2):
 PSYoungGen      total 148480K, used 148466K [0x00000000e0000000, 0x00000000ee500000, 0x0000000100000000)
  eden space 136192K, 100% used [0x00000000e0000000,0x00000000e8500000,0x00000000e8500000)
  from space 12288K, 99% used [0x00000000e8500000,0x00000000e90fc960,0x00000000e9100000)
  to   space 14336K, 0% used [0x00000000ed700000,0x00000000ed700000,0x00000000ee500000)
 ParOldGen       total 92160K, used 15394K [0x00000000a0000000, 0x00000000a5a00000, 0x00000000e0000000)
  object space 92160K, 16% used [0x00000000a0000000,0x00000000a0f089c8,0x00000000a5a00000)
 Metaspace       used 50592K, capacity 52280K, committed 52528K, reserved 1095680K
  class space    used 6878K, capacity 7215K, committed 7216K, reserved 1048576K
Event: 5.912 GC heap after
Heap after GC invocations=10 (full 2):
 PSYoungGen      total 214528K, used 14307K [0x00000000e0000000, 0x00000000eeb00000, 0x0000000100000000)
  eden space 200192K, 0% used [0x00000000e0000000,0x00000000e0000000,0x00000000ec380000)
  from space 14336K, 99% used [0x00000000ed700000,0x00000000ee4f8c80,0x00000000ee500000)
  to   space 19968K, 0% used [0x00000000ec380000,0x00000000ec380000,0x00000000ed700000)
 ParOldGen       total 92160K, used 24537K [0x00000000a0000000, 0x00000000a5a00000, 0x00000000e0000000)
  object space 92160K, 26% used [0x00000000a0000000,0x00000000a17f6520,0x00000000a5a00000)
 Metaspace       used 50592K, capacity 52280K, committed 52528K, reserved 1095680K
  class space    used 6878K, capacity 7215K, committed 7216K, reserved 1048576K
}
Event: 7.543 GC heap before
{Heap before GC invocations=11 (full 2):
 PSYoungGen      total 214528K, used 117260K [0x00000000e0000000, 0x00000000eeb00000, 0x0000000100000000)
  eden space 200192K, 51% used [0x00000000e0000000,0x00000000e648a518,0x00000000ec380000)
  from space 14336K, 99% used [0x00000000ed700000,0x00000000ee4f8c80,0x00000000ee500000)
  to   space 19968K, 0% used [0x00000000ec380000,0x00000000ec380000,0x00000000ed700000)
 ParOldGen       total 92160K, used 24537K [0x00000000a0000000, 0x00000000a5a00000, 0x00000000e0000000)
  object space 92160K, 26% used [0x00000000a0000000,0x00000000a17f6520,0x00000000a5a00000)
 Metaspace       used 57197K, capacity 59076K, committed 59160K, reserved 1099776K
  class space    used 7639K, capacity 8053K, committed 8112K, reserved 1048576K

