# JRE version: OpenJDK Runtime Environment (8.0_112-b06) (build 1.8.0_112-release-b06)
# Java VM: OpenJDK 64-Bit Server VM (25.112-b06 mixed mode linux-amd64 compressed oops)
Heap:
 PSYoungGen      total 416256K, used 0K [0x00000000e0000000, 0x0000000100000000, 0x0000000100000000)
  eden space 373760K, 0% used [0x00000000e0000000,0x00000000e0000000,0x00000000f6d00000)
  from space 42496K, 0% used [0x00000000fd680000,0x00000000fd680000,0x0000000100000000)
  to   space 75264K, 0% used [0x00000000f6d00000,0x00000000f6d00000,0x00000000fb680000)
 ParOldGen       total 186880K, used 94243K [0x00000000a0000000, 0x00000000ab680000, 0x00000000e0000000)
  object space 186880K, 50% used [0x00000000a0000000,0x00000000a5c08e78,0x00000000ab680000)
 Metaspace       used 74315K, capacity 80488K, committed 80768K, reserved 1120256K
  class space    used 9232K, capacity 9993K, committed 10112K, reserved 1048576K
GC Heap History (10 events):
Event: 1166.884 GC heap after
Heap after GC invocations=32 (full 3):
 PSYoungGen      total 435712K, used 11111K [0x00000000e0000000, 0x00000000feb00000, 0x0000000100000000)
  eden space 424448K, 0% used [0x00000000e0000000,0x00000000e0000000,0x00000000f9e80000)
  from space 11264K, 98% used [0x00000000fc500000,0x00000000fcfd9cd8,0x00000000fd000000)
  to   space 20992K, 0% used [0x00000000fd680000,0x00000000fd680000,0x00000000feb00000)
 ParOldGen       total 131584K, used 124904K [0x00000000a0000000, 0x00000000a8080000, 0x00000000e0000000)
  object space 131584K, 94% used [0x00000000a0000000,0x00000000a79fa128,0x00000000a8080000)
 Metaspace       used 74024K, capacity 80100K, committed 80128K, reserved 1120256K
  class space    used 9206K, capacity 9971K, committed 9984K, reserved 1048576K
}
Event: 1166.884 GC heap before
{Heap before GC invocations=33 (full 4):
 PSYoungGen      total 435712K, used 11111K [0x00000000e0000000, 0x00000000feb00000, 0x0000000100000000)
  eden space 424448K, 0% used [0x00000000e0000000,0x00000000e0000000,0x00000000f9e80000)
  from space 11264K, 98% used [0x00000000fc500000,0x00000000fcfd9cd8,0x00000000fd000000)
  to   space 20992K, 0% used [0x00000000fd680000,0x00000000fd680000,0x00000000feb00000)
 ParOldGen       total 131584K, used 124904K [0x00000000a0000000, 0x00000000a8080000, 0x00000000e0000000)
  object space 131584K, 94% used [0x00000000a0000000,0x00000000a79fa128,0x00000000a8080000)
 Metaspace       used 74024K, capacity 80100K, committed 80128K, reserved 1120256K
  class space    used 9206K, capacity 9971K, committed 9984K, reserved 1048576K
Event: 1166.992 GC heap after
Heap after GC invocations=33 (full 4):
 PSYoungGen      total 435712K, used 0K [0x00000000e0000000, 0x00000000feb00000, 0x0000000100000000)
  eden space 424448K, 0% used [0x00000000e0000000,0x00000000e0000000,0x00000000f9e80000)
  from space 11264K, 0% used [0x00000000fc500000,0x00000000fc500000,0x00000000fd000000)
  to   space 20992K, 0% used [0x00000000fd680000,0x00000000fd680000,0x00000000feb00000)
 ParOldGen       total 186880K, used 51761K [0x00000000a0000000, 0x00000000ab680000, 0x00000000e0000000)
  object space 186880K, 27% used [0x00000000a0000000,0x00000000a328c558,0x00000000ab680000)
 Metaspace       used 74016K, capacity 80088K, committed 80128K, reserved 1120256K
  class space    used 9205K, capacity 9969K, committed 9984K, reserved 1048576K
}
Event: 1218.435 GC heap before
{Heap before GC invocations=34 (full 4):
 PSYoungGen      total 435712K, used 424448K [0x00000000e0000000, 0x00000000feb00000, 0x0000000100000000)
  eden space 424448K, 100% used [0x00000000e0000000,0x00000000f9e80000,0x00000000f9e80000)
  from space 11264K, 0% used [0x00000000fc500000,0x00000000fc500000,0x00000000fd000000)
  to   space 20992K, 0% used [0x00000000fd680000,0x00000000fd680000,0x00000000feb00000)
 ParOldGen       total 186880K, used 51761K [0x00000000a0000000, 0x00000000ab680000, 0x00000000e0000000)
  object space 186880K, 27% used [0x00000000a0000000,0x00000000a328c558,0x00000000ab680000)
 Metaspace       used 74132K, capacity 80180K, committed 80384K, reserved 1120256K
  class space    used 9215K, capacity 9977K, committed 9984K, reserved 1048576K
Event: 1218.469 GC heap after
Heap after GC invocations=34 (full 4):
 PSYoungGen      total 468480K, used 20974K [0x00000000e0000000, 0x00000000ff880000, 0x0000000100000000)
  eden space 447488K, 0% used [0x00000000e0000000,0x00000000e0000000,0x00000000fb500000)
  from space 20992K, 99% used [0x00000000fd680000,0x00000000feafb9b0,0x00000000feb00000)
  to   space 34304K, 0% used [0x00000000fb500000,0x00000000fb500000,0x00000000fd680000)
 ParOldGen       total 186880K, used 81335K [0x00000000a0000000, 0x00000000ab680000, 0x00000000e0000000)
  object space 186880K, 43% used [0x00000000a0000000,0x00000000a4f6df88,0x00000000ab680000)
 Metaspace       used 74132K, capacity 80180K, committed 80384K, reserved 1120256K
  class space    used 9215K, capacity 9977K, committed 9984K, reserved 1048576K
}
Event: 1244.944 GC heap before
{Heap before GC invocations=35 (full 4):
 PSYoungGen      total 468480K, used 468462K [0x00000000e0000000, 0x00000000ff880000, 0x0000000100000000)
  eden space 447488K, 100% used [0x00000000e0000000,0x00000000fb500000,0x00000000fb500000)
  from space 20992K, 99% used [0x00000000fd680000,0x00000000feafb9b0,0x00000000feb00000)
  to   space 34304K, 0% used [0x00000000fb500000,0x00000000fb500000,0x00000000fd680000)
 ParOldGen       total 186880K, used 81335K [0x00000000a0000000, 0x00000000ab680000, 0x00000000e0000000)
  object space 186880K, 43% used [0x00000000a0000000,0x00000000a4f6df88,0x00000000ab680000)
 Metaspace       used 74239K, capacity 80396K, committed 80768K, reserved 1120256K
  class space    used 9223K, capacity 9985K, committed 10112K, reserved 1048576K
Event: 1244.995 GC heap after
Heap after GC invocations=35 (full 4):
 PSYoungGen      total 481792K, used 34275K [0x00000000e0000000, 0x0000000100000000, 0x0000000100000000)
  eden space 447488K, 0% used [0x00000000e0000000,0x00000000e0000000,0x00000000fb500000)
  from space 34304K, 99% used [0x00000000fb500000,0x00000000fd678f98,0x00000000fd680000)
  to   space 42496K, 0% used [0x00000000fd680000,0x00000000fd680000,0x0000000100000000)
 ParOldGen       total 186880K, used 120791K [0x00000000a0000000, 0x00000000ab680000, 0x00000000e0000000)
  object space 186880K, 64% used [0x00000000a0000000,0x00000000a75f5fb8,0x00000000ab680000)
 Metaspace       used 74239K, capacity 80396K, committed 80768K, reserved 1120256K
  class space    used 9223K, capacity 9985K, committed 10112K, reserved 1048576K
}
Event: 1267.999 GC heap before
{Heap before GC invocations=36 (full 4):
 PSYoungGen      total 481792K, used 481763K [0x00000000e0000000, 0x0000000100000000, 0x0000000100000000)
  eden space 447488K, 100% used [0x00000000e0000000,0x00000000fb500000,0x00000000fb500000)
  from space 34304K, 99% used [0x00000000fb500000,0x00000000fd678f98,0x00000000fd680000)
  to   space 42496K, 0% used [0x00000000fd680000,0x00000000fd680000,0x0000000100000000)
 ParOldGen       total 186880K, used 120791K [0x00000000a0000000, 0x00000000ab680000, 0x00000000e0000000)
  object space 186880K, 64% used [0x00000000a0000000,0x00000000a75f5fb8,0x00000000ab680000)
 Metaspace       used 74315K, capacity 80488K, committed 80768K, reserved 1120256K
  class space    used 9232K, capacity 9993K, committed 10112K, reserved 1048576K
Event: 1268.070 GC heap after
Heap after GC invocations=36 (full 4):
 PSYoungGen      total 416256K, used 42480K [0x00000000e0000000, 0x0000000100000000, 0x0000000100000000)
  eden space 373760K, 0% used [0x00000000e0000000,0x00000000e0000000,0x00000000f6d00000)
  from space 42496K, 99% used [0x00000000fd680000,0x00000000ffffc098,0x0000000100000000)
  to   space 75264K, 0% used [0x00000000f6d00000,0x00000000f6d00000,0x00000000fb680000)
 ParOldGen       total 186880K, used 165195K [0x00000000a0000000, 0x00000000ab680000, 0x00000000e0000000)
  object space 186880K, 88% used [0x00000000a0000000,0x00000000aa152e30,0x00000000ab680000)
 Metaspace       used 74315K, capacity 80488K, committed 80768K, reserved 1120256K
  class space    used 9232K, capacity 9993K, committed 10112K, reserved 1048576K
}
Event: 1268.071 GC heap before
{Heap before GC invocations=37 (full 5):
 PSYoungGen      total 416256K, used 42480K [0x00000000e0000000, 0x0000000100000000, 0x0000000100000000)
  eden space 373760K, 0% used [0x00000000e0000000,0x00000000e0000000,0x00000000f6d00000)
  from space 42496K, 99% used [0x00000000fd680000,0x00000000ffffc098,0x0000000100000000)
  to   space 75264K, 0% used [0x00000000f6d00000,0x00000000f6d00000,0x00000000fb680000)
 ParOldGen       total 186880K, used 165195K [0x00000000a0000000, 0x00000000ab680000, 0x00000000e0000000)
  object space 186880K, 88% used [0x00000000a0000000,0x00000000aa152e30,0x00000000ab680000)
 Metaspace       used 74315K, capacity 80488K, committed 80768K, reserved 1120256K
  class space    used 9232K, capacity 9993K, committed 10112K, reserved 1048576K

